!SESSION 2022-09-27 08:43:47.992 -----------------------------------------------
eclipse.buildId=4.25.0.I20220831-1800
java.version=17.0.4.1
java.vendor=Eclipse Adoptium
BootLoader constants: OS=win32, ARCH=x86_64, WS=win32, NL=es_ES
Framework arguments:  -product org.eclipse.epp.package.java.product
Command-line arguments:  -os win32 -ws win32 -arch x86_64 -product org.eclipse.epp.package.java.product

This is a continuation of log file C:\Users\Iker Cubillo\OneDrive - Universidad de Deusto\Documentos\Eclipse\.metadata\.bak_0.log
Created Time: 2022-09-27 08:44:36.582

!ENTRY org.eclipse.jface 2 0 2022-09-27 08:44:36.584
!MESSAGE Keybinding conflicts occurred.  They may interfere with normal accelerator operation.
!SUBENTRY 1 org.eclipse.jface 2 0 2022-09-27 08:44:36.584
!MESSAGE A conflict occurred for CTRL+SHIFT+T:
Binding(CTRL+SHIFT+T,
	ParameterizedCommand(Command(org.eclipse.jdt.ui.navigate.open.type,Open Type,
		Open a type in a Java editor,
		Category(org.eclipse.ui.category.navigate,Navigate,null,true),
		WorkbenchHandlerServiceHandler("org.eclipse.jdt.ui.navigate.open.type"),
		,,true),null),
	org.eclipse.ui.defaultAcceleratorConfiguration,
	org.eclipse.ui.contexts.window,,,system)
Binding(CTRL+SHIFT+T,
	ParameterizedCommand(Command(org.eclipse.lsp4e.symbolinworkspace,Go to Symbol in Workspace,
		,
		Category(org.eclipse.lsp4e.category,Language Servers,null,true),
		WorkbenchHandlerServiceHandler("org.eclipse.lsp4e.symbolinworkspace"),
		,,true),null),
	org.eclipse.ui.defaultAcceleratorConfiguration,
	org.eclipse.ui.contexts.window,,,system)
!SUBENTRY 1 org.eclipse.jface 2 0 2022-09-27 08:44:36.586
!MESSAGE A conflict occurred for ALT+SHIFT+R:
Binding(ALT+SHIFT+R,
	ParameterizedCommand(Command(org.eclipse.jdt.ui.edit.text.java.rename.element,Rename - Refactoring ,
		Rename the selected element,
		Category(org.eclipse.jdt.ui.category.refactoring,Refactor - Java,Java Refactoring Actions,true),
		WorkbenchHandlerServiceHandler("org.eclipse.jdt.ui.edit.text.java.rename.element"),
		,,true),null),
	org.eclipse.ui.defaultAcceleratorConfiguration,
	org.eclipse.ui.contexts.window,,,system)
Binding(ALT+SHIFT+R,
	ParameterizedCommand(Command(org.eclipse.ui.edit.rename,Rename,
		Rename the selected item,
		Category(org.eclipse.ui.category.file,File,null,true),
		WorkbenchHandlerServiceHandler("org.eclipse.ui.edit.rename"),
		,,true),null),
	org.eclipse.ui.defaultAcceleratorConfiguration,
	org.eclipse.ui.contexts.window,,,system)

!ENTRY org.eclipse.egit.ui 2 0 2022-09-27 08:44:56.367
!MESSAGE Warning: The environment variable HOME is not set. The following directory will be used to store the Git
user global configuration and to define the default location to store repositories: 'C:\Users\Iker Cubillo'. If this is
not correct please set the HOME environment variable and restart Eclipse. Otherwise Git for Windows and
EGit might behave differently since they see different configuration options.
This warning can be switched off on the Team > Git > Confirmations and Warnings preference page.

!ENTRY org.eclipse.jdt.core 4 4 2022-09-27 08:45:31.599
!MESSAGE Exception while reading last build state for: P/Prueba
!STACK 1
org.eclipse.core.runtime.CoreException: Error reading last build state for project Prueba
	at org.eclipse.jdt.internal.core.JavaModelManager.readStateTimed(JavaModelManager.java:4120)
	at org.eclipse.jdt.internal.core.JavaModelManager.readState(JavaModelManager.java:4096)
	at org.eclipse.jdt.internal.core.JavaModelManager.getLastBuiltState(JavaModelManager.java:2264)
	at org.eclipse.jdt.internal.core.builder.JavaBuilder.getLastState(JavaBuilder.java:450)
	at org.eclipse.jdt.internal.core.builder.JavaBuilder.build(JavaBuilder.java:190)
	at org.eclipse.core.internal.events.BuildManager$2.run(BuildManager.java:1024)
	at org.eclipse.core.runtime.SafeRunner.run(SafeRunner.java:45)
	at org.eclipse.core.internal.events.BuildManager.basicBuild(BuildManager.java:254)
	at org.eclipse.core.internal.events.BuildManager.basicBuild(BuildManager.java:311)
	at org.eclipse.core.internal.events.BuildManager$1.run(BuildManager.java:400)
	at org.eclipse.core.runtime.SafeRunner.run(SafeRunner.java:45)
	at org.eclipse.core.internal.events.BuildManager.basicBuild(BuildManager.java:403)
	at org.eclipse.core.internal.events.BuildManager.basicBuildLoop(BuildManager.java:514)
	at org.eclipse.core.internal.events.BuildManager.basicBuildLoop(BuildManager.java:462)
	at org.eclipse.core.internal.events.BuildManager.build(BuildManager.java:544)
	at org.eclipse.core.internal.events.AutoBuildJob.doBuild(AutoBuildJob.java:161)
	at org.eclipse.core.internal.events.AutoBuildJob.run(AutoBuildJob.java:255)
	at org.eclipse.core.internal.jobs.Worker.run(Worker.java:63)
Caused by: org.eclipse.core.runtime.CoreException: Failed to init ct.sym for C:\Users\Usuario\Desktop\eclipse\plugins\org.eclipse.justj.openjdk.hotspot.jre.full.win32.x86_64_17.0.4.v20220903-1038\jre\lib\jrt-fs.jar
	at org.eclipse.jdt.internal.core.builder.ClasspathJrtWithReleaseOption.<init>(ClasspathJrtWithReleaseOption.java:79)
	at org.eclipse.jdt.internal.core.builder.ClasspathLocation.forJrtSystem(ClasspathLocation.java:169)
	at org.eclipse.jdt.internal.core.builder.State.readBinaryLocations(State.java:419)
	at org.eclipse.jdt.internal.core.builder.State.read(State.java:306)
	at org.eclipse.jdt.internal.core.builder.JavaBuilder.readState(JavaBuilder.java:161)
	at org.eclipse.jdt.internal.core.JavaModelManager.readStateTimed(JavaModelManager.java:4115)
	... 17 more
Caused by: java.io.FileNotFoundException: File C:\Users\Usuario\Desktop\eclipse\plugins\org.eclipse.justj.openjdk.hotspot.jre.full.win32.x86_64_17.0.4.v20220903-1038\jre\lib\ct.sym does not exist
	at org.eclipse.jdt.internal.compiler.util.CtSym.init(CtSym.java:128)
	at org.eclipse.jdt.internal.compiler.util.CtSym.<init>(CtSym.java:122)
	at org.eclipse.jdt.internal.compiler.util.JRTUtil.lambda$1(JRTUtil.java:205)
	at java.base/java.util.concurrent.ConcurrentHashMap.compute(ConcurrentHashMap.java:1916)
	at org.eclipse.jdt.internal.compiler.util.JRTUtil.getCtSym(JRTUtil.java:202)
	at org.eclipse.jdt.internal.core.builder.ClasspathJrtWithReleaseOption.<init>(ClasspathJrtWithReleaseOption.java:77)
	... 22 more
!SUBENTRY 1 org.eclipse.jdt.core 4 2 2022-09-27 08:45:31.608
!MESSAGE Error reading last build state for project Prueba
!STACK 1
org.eclipse.core.runtime.CoreException: Failed to init ct.sym for C:\Users\Usuario\Desktop\eclipse\plugins\org.eclipse.justj.openjdk.hotspot.jre.full.win32.x86_64_17.0.4.v20220903-1038\jre\lib\jrt-fs.jar
	at org.eclipse.jdt.internal.core.builder.ClasspathJrtWithReleaseOption.<init>(ClasspathJrtWithReleaseOption.java:79)
	at org.eclipse.jdt.internal.core.builder.ClasspathLocation.forJrtSystem(ClasspathLocation.java:169)
	at org.eclipse.jdt.internal.core.builder.State.readBinaryLocations(State.java:419)
	at org.eclipse.jdt.internal.core.builder.State.read(State.java:306)
	at org.eclipse.jdt.internal.core.builder.JavaBuilder.readState(JavaBuilder.java:161)
	at org.eclipse.jdt.internal.core.JavaModelManager.readStateTimed(JavaModelManager.java:4115)
	at org.eclipse.jdt.internal.core.JavaModelManager.readState(JavaModelManager.java:4096)
	at org.eclipse.jdt.internal.core.JavaModelManager.getLastBuiltState(JavaModelManager.java:2264)
	at org.eclipse.jdt.internal.core.builder.JavaBuilder.getLastState(JavaBuilder.java:450)
	at org.eclipse.jdt.internal.core.builder.JavaBuilder.build(JavaBuilder.java:190)
	at org.eclipse.core.internal.events.BuildManager$2.run(BuildManager.java:1024)
	at org.eclipse.core.runtime.SafeRunner.run(SafeRunner.java:45)
	at org.eclipse.core.internal.events.BuildManager.basicBuild(BuildManager.java:254)
	at org.eclipse.core.internal.events.BuildManager.basicBuild(BuildManager.java:311)
	at org.eclipse.core.internal.events.BuildManager$1.run(BuildManager.java:400)
	at org.eclipse.core.runtime.SafeRunner.run(SafeRunner.java:45)
	at org.eclipse.core.internal.events.BuildManager.basicBuild(BuildManager.java:403)
	at org.eclipse.core.internal.events.BuildManager.basicBuildLoop(BuildManager.java:514)
	at org.eclipse.core.internal.events.BuildManager.basicBuildLoop(BuildManager.java:462)
	at org.eclipse.core.internal.events.BuildManager.build(BuildManager.java:544)
	at org.eclipse.core.internal.events.AutoBuildJob.doBuild(AutoBuildJob.java:161)
	at org.eclipse.core.internal.events.AutoBuildJob.run(AutoBuildJob.java:255)
	at org.eclipse.core.internal.jobs.Worker.run(Worker.java:63)
Caused by: java.io.FileNotFoundException: File C:\Users\Usuario\Desktop\eclipse\plugins\org.eclipse.justj.openjdk.hotspot.jre.full.win32.x86_64_17.0.4.v20220903-1038\jre\lib\ct.sym does not exist
	at org.eclipse.jdt.internal.compiler.util.CtSym.init(CtSym.java:128)
	at org.eclipse.jdt.internal.compiler.util.CtSym.<init>(CtSym.java:122)
	at org.eclipse.jdt.internal.compiler.util.JRTUtil.lambda$1(JRTUtil.java:205)
	at java.base/java.util.concurrent.ConcurrentHashMap.compute(ConcurrentHashMap.java:1916)
	at org.eclipse.jdt.internal.compiler.util.JRTUtil.getCtSym(JRTUtil.java:202)
	at org.eclipse.jdt.internal.core.builder.ClasspathJrtWithReleaseOption.<init>(ClasspathJrtWithReleaseOption.java:77)
	... 22 more
!SUBENTRY 2 org.eclipse.jdt.core 4 0 2022-09-27 08:45:31.609
!MESSAGE Failed to init ct.sym for C:\Users\Usuario\Desktop\eclipse\plugins\org.eclipse.justj.openjdk.hotspot.jre.full.win32.x86_64_17.0.4.v20220903-1038\jre\lib\jrt-fs.jar
!STACK 0
java.io.FileNotFoundException: File C:\Users\Usuario\Desktop\eclipse\plugins\org.eclipse.justj.openjdk.hotspot.jre.full.win32.x86_64_17.0.4.v20220903-1038\jre\lib\ct.sym does not exist
	at org.eclipse.jdt.internal.compiler.util.CtSym.init(CtSym.java:128)
	at org.eclipse.jdt.internal.compiler.util.CtSym.<init>(CtSym.java:122)
	at org.eclipse.jdt.internal.compiler.util.JRTUtil.lambda$1(JRTUtil.java:205)
	at java.base/java.util.concurrent.ConcurrentHashMap.compute(ConcurrentHashMap.java:1916)
	at org.eclipse.jdt.internal.compiler.util.JRTUtil.getCtSym(JRTUtil.java:202)
	at org.eclipse.jdt.internal.core.builder.ClasspathJrtWithReleaseOption.<init>(ClasspathJrtWithReleaseOption.java:77)
	at org.eclipse.jdt.internal.core.builder.ClasspathLocation.forJrtSystem(ClasspathLocation.java:169)
	at org.eclipse.jdt.internal.core.builder.State.readBinaryLocations(State.java:419)
	at org.eclipse.jdt.internal.core.builder.State.read(State.java:306)
	at org.eclipse.jdt.internal.core.builder.JavaBuilder.readState(JavaBuilder.java:161)
	at org.eclipse.jdt.internal.core.JavaModelManager.readStateTimed(JavaModelManager.java:4115)
	at org.eclipse.jdt.internal.core.JavaModelManager.readState(JavaModelManager.java:4096)
	at org.eclipse.jdt.internal.core.JavaModelManager.getLastBuiltState(JavaModelManager.java:2264)
	at org.eclipse.jdt.internal.core.builder.JavaBuilder.getLastState(JavaBuilder.java:450)
	at org.eclipse.jdt.internal.core.builder.JavaBuilder.build(JavaBuilder.java:190)
	at org.eclipse.core.internal.events.BuildManager$2.run(BuildManager.java:1024)
	at org.eclipse.core.runtime.SafeRunner.run(SafeRunner.java:45)
	at org.eclipse.core.internal.events.BuildManager.basicBuild(BuildManager.java:254)
	at org.eclipse.core.internal.events.BuildManager.basicBuild(BuildManager.java:311)
	at org.eclipse.core.internal.events.BuildManager$1.run(BuildManager.java:400)
	at org.eclipse.core.runtime.SafeRunner.run(SafeRunner.java:45)
	at org.eclipse.core.internal.events.BuildManager.basicBuild(BuildManager.java:403)
	at org.eclipse.core.internal.events.BuildManager.basicBuildLoop(BuildManager.java:514)
	at org.eclipse.core.internal.events.BuildManager.basicBuildLoop(BuildManager.java:462)
	at org.eclipse.core.internal.events.BuildManager.build(BuildManager.java:544)
	at org.eclipse.core.internal.events.AutoBuildJob.doBuild(AutoBuildJob.java:161)
	at org.eclipse.core.internal.events.AutoBuildJob.run(AutoBuildJob.java:255)
	at org.eclipse.core.internal.jobs.Worker.run(Worker.java:63)

!ENTRY org.eclipse.jdt.core 4 0 2022-09-27 12:09:55.822
!MESSAGE Failed to update qualified index.
!STACK 0
java.io.UTFDataFormatException
	at org.eclipse.jdt.internal.core.index.DiskIndex.readStreamChars(DiskIndex.java:983)
	at org.eclipse.jdt.internal.core.index.DiskIndex.readChunk(DiskIndex.java:755)
	at org.eclipse.jdt.internal.core.index.DiskIndex.readAllDocumentNames(DiskIndex.java:640)
	at org.eclipse.jdt.internal.core.index.DiskIndex.mergeWith(DiskIndex.java:532)
	at org.eclipse.jdt.internal.core.index.Index.save(Index.java:230)
	at org.eclipse.jdt.internal.core.index.MetaIndex.save(MetaIndex.java:100)
	at org.eclipse.jdt.internal.core.search.indexing.IndexManager.saveMetaIndex(IndexManager.java:1256)
	at org.eclipse.jdt.internal.core.search.indexing.IndexManager.saveIndexes(IndexManager.java:1232)
	at org.eclipse.jdt.internal.core.search.indexing.IndexManager.notifyIdle(IndexManager.java:826)
	at org.eclipse.jdt.internal.core.search.processing.JobManager.run(JobManager.java:425)
	at java.base/java.lang.Thread.run(Thread.java:833)
