!SESSION 2022-09-18 21:15:57.480 -----------------------------------------------
eclipse.buildId=4.23.0.I20220308-0310
java.version=18.0.1
java.vendor=Oracle Corporation
BootLoader constants: OS=win32, ARCH=x86_64, WS=win32, NL=es_ES
Framework arguments:  -product org.eclipse.epp.package.java.product
Command-line arguments:  -os win32 -ws win32 -arch x86_64 -product org.eclipse.epp.package.java.product

This is a continuation of log file C:\Users\Iker Cubillo\OneDrive - Universidad de Deusto\Documentos\Eclipse\.metadata\.bak_0.log
Created Time: 2022-09-18 21:16:18.351

!ENTRY org.eclipse.jface 2 0 2022-09-18 21:16:18.367
!MESSAGE Keybinding conflicts occurred.  They may interfere with normal accelerator operation.
!SUBENTRY 1 org.eclipse.jface 2 0 2022-09-18 21:16:18.367
!MESSAGE A conflict occurred for CTRL+SHIFT+T:
Binding(CTRL+SHIFT+T,
	ParameterizedCommand(Command(org.eclipse.jdt.ui.navigate.open.type,Open Type,
		Open a type in a Java editor,
		Category(org.eclipse.ui.category.navigate,Navigate,null,true),
		org.eclipse.ui.internal.WorkbenchHandlerServiceHandler@7fcc3745,
		,,true),null),
	org.eclipse.ui.defaultAcceleratorConfiguration,
	org.eclipse.ui.contexts.window,,,system)
Binding(CTRL+SHIFT+T,
	ParameterizedCommand(Command(org.eclipse.lsp4e.symbolinworkspace,Go to Symbol in Workspace,
		,
		Category(org.eclipse.lsp4e.category,Language Servers,null,true),
		org.eclipse.ui.internal.WorkbenchHandlerServiceHandler@6d35ff7b,
		,,true),null),
	org.eclipse.ui.defaultAcceleratorConfiguration,
	org.eclipse.ui.contexts.window,,,system)
!SUBENTRY 1 org.eclipse.jface 2 0 2022-09-18 21:16:18.367
!MESSAGE A conflict occurred for ALT+SHIFT+R:
Binding(ALT+SHIFT+R,
	ParameterizedCommand(Command(org.eclipse.jdt.ui.edit.text.java.rename.element,Rename - Refactoring ,
		Rename the selected element,
		Category(org.eclipse.jdt.ui.category.refactoring,Refactor - Java,Java Refactoring Actions,true),
		org.eclipse.ui.internal.WorkbenchHandlerServiceHandler@4ef31221,
		,,true),null),
	org.eclipse.ui.defaultAcceleratorConfiguration,
	org.eclipse.ui.contexts.window,,,system)
Binding(ALT+SHIFT+R,
	ParameterizedCommand(Command(org.eclipse.ui.edit.rename,Rename,
		Rename the selected item,
		Category(org.eclipse.ui.category.file,File,null,true),
		org.eclipse.ui.internal.WorkbenchHandlerServiceHandler@4e9e0c6,
		,,true),null),
	org.eclipse.ui.defaultAcceleratorConfiguration,
	org.eclipse.ui.contexts.window,,,system)

!ENTRY org.eclipse.e4.ui.workbench 2 0 2022-09-18 21:16:27.233
!MESSAGE Removing PartDescriptorImpl with the "org.eclipse.pde.spy.preferences.parts.PreferenceSpyPart" id and the "Preference Spy" label.It points to the non available "bundleclass://org.eclipse.pde.spy.preferences/org.eclipse.pde.spy.preferences.parts.PreferenceSpyPart" class. Bundle might have been uninstalled

!ENTRY org.eclipse.e4.ui.workbench 2 0 2022-09-18 21:16:27.237
!MESSAGE Removing PartDescriptorImpl with the "org.eclipse.pde.spy.bundle.BundleSpyPart" id and the "Bundle Spy" label.It points to the non available "bundleclass://org.eclipse.pde.spy.bundle/org.eclipse.pde.spy.bundle.BundleSpyPart" class. Bundle might have been uninstalled

!ENTRY org.eclipse.e4.ui.workbench 2 0 2022-09-18 21:16:27.239
!MESSAGE Removing PartDescriptorImpl with the "org.eclipse.pde.spy.context.ContextSpyPart" id and the "Context Spy" label.It points to the non available "bundleclass://org.eclipse.pde.spy.context/org.eclipse.pde.spy.context.ContextSpyPart" class. Bundle might have been uninstalled

!ENTRY org.eclipse.e4.ui.workbench 2 0 2022-09-18 21:16:27.242
!MESSAGE Removing PartDescriptorImpl with the "org.eclipse.pde.spy.css.CssSpyPart" id and the "CSS Spy" label.It points to the non available "bundleclass://org.eclipse.pde.spy.css/org.eclipse.pde.spy.css.CssSpyPart" class. Bundle might have been uninstalled

!ENTRY org.eclipse.e4.ui.workbench 2 0 2022-09-18 21:16:27.245
!MESSAGE Removing PartDescriptorImpl with the "org.eclipse.pde.spy.css.CSSScratchPadPart" id and the "CSS Scratch Pad" label.It points to the non available "bundleclass://org.eclipse.pde.spy.css/org.eclipse.pde.spy.css.CSSScratchPadPart" class. Bundle might have been uninstalled

!ENTRY org.eclipse.e4.ui.workbench 2 0 2022-09-18 21:16:27.248
!MESSAGE Removing PartDescriptorImpl with the "org.eclipse.pde.spy.model.ModelSpyPart" id and the "Model Spy" label.It points to the non available "bundleclass://org.eclipse.pde.spy.model/org.eclipse.pde.spy.model.ModelSpyPart" class. Bundle might have been uninstalled

!ENTRY org.eclipse.e4.ui.workbench 2 0 2022-09-18 21:16:27.251
!MESSAGE Removing PartDescriptorImpl with the "org.eclipse.pde.api.tools.ui.views.apitooling.views.apitoolingview" id and the "API Tools" label.It points to the non available "bundleclass://org.eclipse.ui.workbench/org.eclipse.ui.internal.e4.compatibility.CompatibilityView" class. Bundle might have been uninstalled

!ENTRY org.eclipse.e4.ui.workbench 2 0 2022-09-18 21:16:27.253
!MESSAGE Removing PartDescriptorImpl with the "org.eclipse.pde.runtime.RegistryBrowser" id and the "Plug-in Registry" label.It points to the non available "bundleclass://org.eclipse.ui.workbench/org.eclipse.ui.internal.e4.compatibility.CompatibilityView" class. Bundle might have been uninstalled

!ENTRY org.eclipse.e4.ui.workbench 2 0 2022-09-18 21:16:27.254
!MESSAGE Removing PartDescriptorImpl with the "org.eclipse.pde.ui.PluginsView" id and the "Plug-ins" label.It points to the non available "bundleclass://org.eclipse.ui.workbench/org.eclipse.ui.internal.e4.compatibility.CompatibilityView" class. Bundle might have been uninstalled

!ENTRY org.eclipse.e4.ui.workbench 2 0 2022-09-18 21:16:27.255
!MESSAGE Removing PartDescriptorImpl with the "org.eclipse.pde.ui.FeaturesView" id and the "Features" label.It points to the non available "bundleclass://org.eclipse.ui.workbench/org.eclipse.ui.internal.e4.compatibility.CompatibilityView" class. Bundle might have been uninstalled

!ENTRY org.eclipse.e4.ui.workbench 2 0 2022-09-18 21:16:27.257
!MESSAGE Removing PartDescriptorImpl with the "org.eclipse.pde.ui.DependenciesView" id and the "Plug-in Dependencies" label.It points to the non available "bundleclass://org.eclipse.ui.workbench/org.eclipse.ui.internal.e4.compatibility.CompatibilityView" class. Bundle might have been uninstalled

!ENTRY org.eclipse.e4.ui.workbench 2 0 2022-09-18 21:16:27.258
!MESSAGE Removing PartDescriptorImpl with the "org.eclipse.pde.ui.TargetPlatformState" id and the "Target Platform State" label.It points to the non available "bundleclass://org.eclipse.ui.workbench/org.eclipse.ui.internal.e4.compatibility.CompatibilityView" class. Bundle might have been uninstalled

!ENTRY org.eclipse.e4.ui.workbench 2 0 2022-09-18 21:16:27.260
!MESSAGE Removing PartDescriptorImpl with the "org.eclipse.pde.ui.ImageBrowserView" id and the "Plug-in Image Browser" label.It points to the non available "bundleclass://org.eclipse.ui.workbench/org.eclipse.ui.internal.e4.compatibility.CompatibilityView" class. Bundle might have been uninstalled

!ENTRY org.eclipse.e4.ui.workbench 2 0 2022-09-18 21:16:27.262
!MESSAGE Removing PartDescriptorImpl with the "org.eclipse.wb.core.StructureView" id and the "Structure" label.It points to the non available "bundleclass://org.eclipse.ui.workbench/org.eclipse.ui.internal.e4.compatibility.CompatibilityView" class. Bundle might have been uninstalled

!ENTRY org.eclipse.e4.ui.workbench 2 0 2022-09-18 21:16:27.264
!MESSAGE Removing PartDescriptorImpl with the "org.eclipse.wb.core.PaletteView" id and the "Palette" label.It points to the non available "bundleclass://org.eclipse.ui.workbench/org.eclipse.ui.internal.e4.compatibility.CompatibilityView" class. Bundle might have been uninstalled

!ENTRY org.eclipse.egit.ui 2 0 2022-09-18 21:16:27.276
!MESSAGE Warning: The environment variable HOME is not set. The following directory will be used to store the Git
user global configuration and to define the default location to store repositories: 'C:\Users\Iker Cubillo'. If this is
not correct please set the HOME environment variable and restart Eclipse. Otherwise Git for Windows and
EGit might behave differently since they see different configuration options.
This warning can be switched off on the Team > Git > Confirmations and Warnings preference page.

!ENTRY org.eclipse.core.resources 4 567 2022-09-18 21:16:31.548
!MESSAGE The project description file (.project) for 'deustea-fuentes' is missing.  This file contains important information about the project.  The project will not function properly until this file is restored.
!STACK 0
java.lang.Exception: The project description file (.project) for 'deustea-fuentes' is missing.  This file contains important information about the project.  The project will not function properly until this file is restored.
	at org.eclipse.core.internal.resources.ResourceException.provideStackTrace(ResourceException.java:42)
	at org.eclipse.core.internal.resources.ResourceException.<init>(ResourceException.java:38)
	at org.eclipse.core.internal.localstore.FileSystemResourceManager.read(FileSystemResourceManager.java:908)
	at org.eclipse.core.internal.resources.SaveManager.restoreMetaInfo(SaveManager.java:888)
	at org.eclipse.core.internal.resources.SaveManager.restore(SaveManager.java:763)
	at org.eclipse.core.internal.resources.Project.open(Project.java:1061)
	at org.eclipse.ui.actions.OpenResourceAction$1.doOpenWithReferences(OpenResourceAction.java:233)
	at org.eclipse.ui.actions.OpenResourceAction$1.runInWorkspace(OpenResourceAction.java:279)
	at org.eclipse.core.internal.resources.InternalWorkspaceJob.run(InternalWorkspaceJob.java:42)
	at org.eclipse.core.internal.jobs.Worker.run(Worker.java:63)

!ENTRY org.eclipse.ui 4 0 2022-09-18 21:16:35.680
!MESSAGE Unhandled event loop exception
!STACK 0
org.eclipse.e4.core.di.InjectionException: org.eclipse.swt.SWTException: i/o error (java.io.FileNotFoundException: C:\Program Files\Git\mingw64\share\git\git-for-windows.ico (El sistema no puede encontrar la ruta especificada))
	at org.eclipse.e4.core.internal.di.MethodRequestor.execute(MethodRequestor.java:68)
	at org.eclipse.swt.widgets.Synchronizer.syncExec(Synchronizer.java:236)
	at org.eclipse.ui.internal.UISynchronizer.syncExec(UISynchronizer.java:133)
	at org.eclipse.swt.widgets.Display.syncExec(Display.java:4779)
	at org.eclipse.e4.ui.workbench.swt.DisplayUISynchronize.syncExec(DisplayUISynchronize.java:34)
	at org.eclipse.e4.ui.internal.di.UIEventObjectSupplier$UIEventHandler.handleEvent(UIEventObjectSupplier.java:64)
	at org.eclipse.equinox.internal.event.EventHandlerWrapper.handleEvent(EventHandlerWrapper.java:205)
	at org.eclipse.equinox.internal.event.EventHandlerTracker.dispatchEvent(EventHandlerTracker.java:203)
	at org.eclipse.equinox.internal.event.EventHandlerTracker.dispatchEvent(EventHandlerTracker.java:1)
	at org.eclipse.osgi.framework.eventmgr.EventManager.dispatchEvent(EventManager.java:234)
	at org.eclipse.osgi.framework.eventmgr.ListenerQueue.dispatchEventSynchronous(ListenerQueue.java:151)
	at org.eclipse.equinox.internal.event.EventAdminImpl.dispatchEvent(EventAdminImpl.java:133)
	at org.eclipse.equinox.internal.event.EventAdminImpl.sendEvent(EventAdminImpl.java:75)
	at org.eclipse.equinox.internal.event.EventComponent.sendEvent(EventComponent.java:44)
	at org.eclipse.e4.ui.services.internal.events.EventBroker.send(EventBroker.java:55)
	at org.eclipse.e4.ui.internal.workbench.UIEventPublisher.notifyChanged(UIEventPublisher.java:63)
	at org.eclipse.emf.common.notify.impl.BasicNotifierImpl.eNotify(BasicNotifierImpl.java:424)
	at org.eclipse.e4.ui.model.application.ui.impl.UIElementImpl.setVisible(UIElementImpl.java:361)
	at org.eclipse.e4.ui.workbench.renderers.swt.ContributionRecord.updateVisibility(ContributionRecord.java:113)
	at org.eclipse.e4.ui.workbench.renderers.swt.MenuManagerRendererFilter.updateElementVisibility(MenuManagerRendererFilter.java:191)
	at org.eclipse.e4.ui.workbench.renderers.swt.MenuManagerRendererFilter.updateElementVisibility(MenuManagerRendererFilter.java:202)
	at org.eclipse.e4.ui.workbench.renderers.swt.MenuManagerShowProcessor.showMenu(MenuManagerShowProcessor.java:256)
	at org.eclipse.e4.ui.workbench.renderers.swt.MenuManagerShowProcessor.menuAboutToHide(MenuManagerShowProcessor.java:114)
	at org.eclipse.jface.internal.MenuManagerEventHelper.showEventPostHelper(MenuManagerEventHelper.java:95)
	at org.eclipse.jface.action.MenuManager.handleAboutToShow(MenuManager.java:469)
	at org.eclipse.jface.action.MenuManager$2.menuShown(MenuManager.java:495)
	at org.eclipse.swt.widgets.TypedListener.handleEvent(TypedListener.java:259)
	at org.eclipse.swt.widgets.EventTable.sendEvent(EventTable.java:89)
	at org.eclipse.swt.widgets.Display.sendEvent(Display.java:4243)
	at org.eclipse.swt.widgets.Widget.sendEvent(Widget.java:1063)
	at org.eclipse.swt.widgets.Widget.sendEvent(Widget.java:1087)
	at org.eclipse.swt.widgets.Widget.sendEvent(Widget.java:1068)
	at org.eclipse.swt.widgets.Control.WM_INITMENUPOPUP(Control.java:5143)
	at org.eclipse.swt.widgets.Control.windowProc(Control.java:4775)
	at org.eclipse.swt.widgets.Canvas.windowProc(Canvas.java:340)
	at org.eclipse.swt.widgets.Decorations.windowProc(Decorations.java:1480)
	at org.eclipse.swt.widgets.Shell.windowProc(Shell.java:2286)
	at org.eclipse.swt.widgets.Display.windowProc(Display.java:5015)
	at org.eclipse.swt.internal.win32.OS.TrackPopupMenu(Native Method)
	at org.eclipse.swt.widgets.Menu._setVisible(Menu.java:237)
	at org.eclipse.swt.widgets.Display.runPopups(Display.java:4101)
	at org.eclipse.swt.widgets.Display.readAndDispatch(Display.java:3626)
	at org.eclipse.e4.ui.internal.workbench.swt.PartRenderingEngine$5.run(PartRenderingEngine.java:1155)
	at org.eclipse.core.databinding.observable.Realm.runWithDefault(Realm.java:338)
	at org.eclipse.e4.ui.internal.workbench.swt.PartRenderingEngine.run(PartRenderingEngine.java:1046)
	at org.eclipse.e4.ui.internal.workbench.E4Workbench.createAndRunUI(E4Workbench.java:155)
	at org.eclipse.ui.internal.Workbench.lambda$3(Workbench.java:644)
	at org.eclipse.core.databinding.observable.Realm.runWithDefault(Realm.java:338)
	at org.eclipse.ui.internal.Workbench.createAndRunWorkbench(Workbench.java:551)
	at org.eclipse.ui.PlatformUI.createAndRunWorkbench(PlatformUI.java:156)
	at org.eclipse.ui.internal.ide.application.IDEApplication.start(IDEApplication.java:152)
	at org.eclipse.equinox.internal.app.EclipseAppHandle.run(EclipseAppHandle.java:203)
	at org.eclipse.core.runtime.internal.adaptor.EclipseAppLauncher.runApplication(EclipseAppLauncher.java:136)
	at org.eclipse.core.runtime.internal.adaptor.EclipseAppLauncher.start(EclipseAppLauncher.java:104)
	at org.eclipse.core.runtime.adaptor.EclipseStarter.run(EclipseStarter.java:401)
	at org.eclipse.core.runtime.adaptor.EclipseStarter.run(EclipseStarter.java:255)
	at java.base/jdk.internal.reflect.DirectMethodHandleAccessor.invoke(DirectMethodHandleAccessor.java:104)
	at java.base/java.lang.reflect.Method.invoke(Method.java:577)
	at org.eclipse.equinox.launcher.Main.invokeFramework(Main.java:659)
	at org.eclipse.equinox.launcher.Main.basicRun(Main.java:596)
	at org.eclipse.equinox.launcher.Main.run(Main.java:1467)
Caused by: org.eclipse.swt.SWTException: i/o error (java.io.FileNotFoundException: C:\Program Files\Git\mingw64\share\git\git-for-windows.ico (El sistema no puede encontrar la ruta especificada))
	at org.eclipse.swt.SWT.error(SWT.java:4918)
	at org.eclipse.swt.SWT.error(SWT.java:4833)
	at org.eclipse.swt.graphics.ImageLoader.load(ImageLoader.java:184)
	at org.eclipse.tm.terminal.view.ui.local.showin.ExternalExecutablesUtils.loadImage(ExternalExecutablesUtils.java:38)
	at org.eclipse.tm.terminal.view.ui.local.showin.DynamicContributionItems.getContributionItems(DynamicContributionItems.java:74)
	at org.eclipse.ui.actions.CompoundContributionItem.getContributionItemsToFill(CompoundContributionItem.java:83)
	at org.eclipse.ui.actions.CompoundContributionItem.fill(CompoundContributionItem.java:57)
	at org.eclipse.ui.internal.menus.DynamicMenuContributionItem.fill(DynamicMenuContributionItem.java:146)
	at org.eclipse.jface.action.MenuManager.doItemFill(MenuManager.java:729)
	at org.eclipse.jface.action.MenuManager.update(MenuManager.java:806)
	at org.eclipse.jface.action.MenuManager.update(MenuManager.java:673)
	at org.eclipse.e4.ui.workbench.renderers.swt.MenuManagerRenderer.scheduleManagerUpdate(MenuManagerRenderer.java:1227)
	at org.eclipse.e4.ui.workbench.renderers.swt.MenuManagerRenderer.subscribeUIElementTopicVisible(MenuManagerRenderer.java:213)
	at java.base/jdk.internal.reflect.DirectMethodHandleAccessor.invoke(DirectMethodHandleAccessor.java:104)
	at java.base/java.lang.reflect.Method.invoke(Method.java:577)
	at org.eclipse.e4.core.internal.di.MethodRequestor.execute(MethodRequestor.java:58)
	... 60 more
Caused by: java.io.FileNotFoundException: C:\Program Files\Git\mingw64\share\git\git-for-windows.ico (El sistema no puede encontrar la ruta especificada)
	at java.base/java.io.FileInputStream.open0(Native Method)
	at java.base/java.io.FileInputStream.open(FileInputStream.java:216)
	at java.base/java.io.FileInputStream.<init>(FileInputStream.java:157)
	at java.base/java.io.FileInputStream.<init>(FileInputStream.java:111)
	at org.eclipse.swt.graphics.ImageLoader.load(ImageLoader.java:181)
	... 73 more

!ENTRY org.eclipse.core.resources 4 567 2022-09-18 21:16:49.670
!MESSAGE The project description file (.project) for 'Concesionario' is missing.  This file contains important information about the project.  The project will not function properly until this file is restored.
!STACK 0
java.lang.Exception: The project description file (.project) for 'Concesionario' is missing.  This file contains important information about the project.  The project will not function properly until this file is restored.
	at org.eclipse.core.internal.resources.ResourceException.provideStackTrace(ResourceException.java:42)
	at org.eclipse.core.internal.resources.ResourceException.<init>(ResourceException.java:38)
	at org.eclipse.core.internal.localstore.FileSystemResourceManager.read(FileSystemResourceManager.java:908)
	at org.eclipse.core.internal.resources.SaveManager.restoreMetaInfo(SaveManager.java:888)
	at org.eclipse.core.internal.resources.SaveManager.restore(SaveManager.java:763)
	at org.eclipse.core.internal.resources.Project.open(Project.java:1061)
	at org.eclipse.ui.actions.OpenResourceAction$1.doOpenWithReferences(OpenResourceAction.java:233)
	at org.eclipse.ui.actions.OpenResourceAction$1.runInWorkspace(OpenResourceAction.java:279)
	at org.eclipse.core.internal.resources.InternalWorkspaceJob.run(InternalWorkspaceJob.java:42)
	at org.eclipse.core.internal.jobs.Worker.run(Worker.java:63)
